# JRE version: OpenJDK Runtime Environment (8.0_112-b06) (build 1.8.0_112-release-b06)
# Java VM: OpenJDK 64-Bit Server VM (25.112-b06 mixed mode linux-amd64 compressed oops)
Heap:
 PSYoungGen      total 355328K, used 4738K [0x00000000e0000000, 0x0000000100000000, 0x0000000100000000)
  eden space 278528K, 0% used [0x00000000e0000000,0x00000000e0000000,0x00000000f1000000)
  from space 76800K, 6% used [0x00000000f1000000,0x00000000f14a0b50,0x00000000f5b00000)
  to   space 124416K, 0% used [0x00000000f8680000,0x00000000f8680000,0x0000000100000000)
 ParOldGen       total 700416K, used 700132K [0x00000000a0000000, 0x00000000cac00000, 0x00000000e0000000)
  object space 700416K, 99% used [0x00000000a0000000,0x00000000cabb9368,0x00000000cac00000)
 Metaspace       used 90800K, capacity 95060K, committed 110464K, reserved 1144832K
  class space    used 11058K, capacity 11775K, committed 14464K, reserved 1048576K
GC Heap History (10 events):
Event: 4254.488 GC heap after
Heap after GC invocations=89 (full 12):
 PSYoungGen      total 365568K, used 62681K [0x00000000e0000000, 0x00000000ff500000, 0x0000000100000000)
  eden space 239104K, 0% used [0x00000000e0000000,0x00000000e0000000,0x00000000ee980000)
  from space 126464K, 49% used [0x00000000ee980000,0x00000000f26b6510,0x00000000f6500000)
  to   space 122368K, 0% used [0x00000000f7d80000,0x00000000f7d80000,0x00000000ff500000)
 ParOldGen       total 700416K, used 482242K [0x00000000a0000000, 0x00000000cac00000, 0x00000000e0000000)
  object space 700416K, 68% used [0x00000000a0000000,0x00000000bd6f0a08,0x00000000cac00000)
 Metaspace       used 90797K, capacity 95060K, committed 110464K, reserved 1144832K
  class space    used 11058K, capacity 11775K, committed 14464K, reserved 1048576K
}
Event: 4255.069 GC heap before
{Heap before GC invocations=90 (full 12):
 PSYoungGen      total 365568K, used 301785K [0x00000000e0000000, 0x00000000ff500000, 0x0000000100000000)
  eden space 239104K, 100% used [0x00000000e0000000,0x00000000ee980000,0x00000000ee980000)
  from space 126464K, 49% used [0x00000000ee980000,0x00000000f26b6510,0x00000000f6500000)
  to   space 122368K, 0% used [0x00000000f7d80000,0x00000000f7d80000,0x00000000ff500000)
 ParOldGen       total 700416K, used 482246K [0x00000000a0000000, 0x00000000cac00000, 0x00000000e0000000)
  object space 700416K, 68% used [0x00000000a0000000,0x00000000bd6f1908,0x00000000cac00000)
 Metaspace       used 90800K, capacity 95060K, committed 110464K, reserved 1144832K
  class space    used 11058K, capacity 11775K, committed 14464K, reserved 1048576K
Event: 4255.367 GC heap after
Heap after GC invocations=90 (full 12):
 PSYoungGen      total 385536K, used 63756K [0x00000000e0000000, 0x00000000fee80000, 0x0000000100000000)
  eden space 269824K, 0% used [0x00000000e0000000,0x00000000e0000000,0x00000000f0780000)
  from space 115712K, 55% used [0x00000000f7d80000,0x00000000fbbc3148,0x00000000fee80000)
  to   space 118272K, 0% used [0x00000000f0780000,0x00000000f0780000,0x00000000f7b00000)
 ParOldGen       total 700416K, used 537382K [0x00000000a0000000, 0x00000000cac00000, 0x00000000e0000000)
  object space 700416K, 76% used [0x00000000a0000000,0x00000000c0cc9948,0x00000000cac00000)
 Metaspace       used 90800K, capacity 95060K, committed 110464K, reserved 1144832K
  class space    used 11058K, capacity 11775K, committed 14464K, reserved 1048576K
}
Event: 4255.368 GC heap before
{Heap before GC invocations=91 (full 12):
 PSYoungGen      total 385536K, used 66413K [0x00000000e0000000, 0x00000000fee80000, 0x0000000100000000)
  eden space 269824K, 0% used [0x00000000e0000000,0x00000000e0298620,0x00000000f0780000)
  from space 115712K, 55% used [0x00000000f7d80000,0x00000000fbbc3148,0x00000000fee80000)
  to   space 118272K, 0% used [0x00000000f0780000,0x00000000f0780000,0x00000000f7b00000)
 ParOldGen       total 700416K, used 537382K [0x00000000a0000000, 0x00000000cac00000, 0x00000000e0000000)
  object space 700416K, 76% used [0x00000000a0000000,0x00000000c0cc9948,0x00000000cac00000)
 Metaspace       used 90800K, capacity 95060K, committed 110464K, reserved 1144832K
  class space    used 11058K, capacity 11775K, committed 14464K, reserved 1048576K
Event: 4255.590 GC heap after
Heap after GC invocations=91 (full 12):
 PSYoungGen      total 388096K, used 192K [0x00000000e0000000, 0x0000000100000000, 0x0000000100000000)
  eden space 269824K, 0% used [0x00000000e0000000,0x00000000e0000000,0x00000000f0780000)
  from space 118272K, 0% used [0x00000000f0780000,0x00000000f07b0000,0x00000000f7b00000)
  to   space 121856K, 0% used [0x00000000f8900000,0x00000000f8900000,0x0000000100000000)
 ParOldGen       total 700416K, used 599991K [0x00000000a0000000, 0x00000000cac00000, 0x00000000e0000000)
  object space 700416K, 85% used [0x00000000a0000000,0x00000000c49edd58,0x00000000cac00000)
 Metaspace       used 90800K, capacity 95060K, committed 110464K, reserved 1144832K
  class space    used 11058K, capacity 11775K, committed 14464K, reserved 1048576K
}
Event: 4256.398 GC heap before
{Heap before GC invocations=92 (full 12):
 PSYoungGen      total 388096K, used 270016K [0x00000000e0000000, 0x0000000100000000, 0x0000000100000000)
  eden space 269824K, 100% used [0x00000000e0000000,0x00000000f0780000,0x00000000f0780000)
  from space 118272K, 0% used [0x00000000f0780000,0x00000000f07b0000,0x00000000f7b00000)
  to   space 121856K, 0% used [0x00000000f8900000,0x00000000f8900000,0x0000000100000000)
 ParOldGen       total 700416K, used 599991K [0x00000000a0000000, 0x00000000cac00000, 0x00000000e0000000)
  object space 700416K, 85% used [0x00000000a0000000,0x00000000c49edd58,0x00000000cac00000)
 Metaspace       used 90800K, capacity 95060K, committed 110464K, reserved 1144832K
  class space    used 11058K, capacity 11775K, committed 14464K, reserved 1048576K
Event: 4256.513 GC heap after
Heap after GC invocations=92 (full 12):
 PSYoungGen      total 400384K, used 72700K [0x00000000e0000000, 0x0000000100000000, 0x0000000100000000)
  eden space 278528K, 0% used [0x00000000e0000000,0x00000000e0000000,0x00000000f1000000)
  from space 121856K, 59% used [0x00000000f8900000,0x00000000fcfff228,0x0000000100000000)
  to   space 122880K, 0% used [0x00000000f1000000,0x00000000f1000000,0x00000000f8800000)
 ParOldGen       total 700416K, used 600151K [0x00000000a0000000, 0x00000000cac00000, 0x00000000e0000000)
  object space 700416K, 85% used [0x00000000a0000000,0x00000000c4a15d58,0x00000000cac00000)
 Metaspace       used 90800K, capacity 95060K, committed 110464K, reserved 1144832K
  class space    used 11058K, capacity 11775K, committed 14464K, reserved 1048576K
}
Event: 4257.204 GC heap before
{Heap before GC invocations=93 (full 12):
 PSYoungGen      total 400384K, used 351228K [0x00000000e0000000, 0x0000000100000000, 0x0000000100000000)
  eden space 278528K, 100% used [0x00000000e0000000,0x00000000f1000000,0x00000000f1000000)
  from space 121856K, 59% used [0x00000000f8900000,0x00000000fcfff228,0x0000000100000000)
  to   space 122880K, 0% used [0x00000000f1000000,0x00000000f1000000,0x00000000f8800000)
 ParOldGen       total 700416K, used 600151K [0x00000000a0000000, 0x00000000cac00000, 0x00000000e0000000)
  object space 700416K, 85% used [0x00000000a0000000,0x00000000c4a15d58,0x00000000cac00000)
 Metaspace       used 90800K, capacity 95060K, committed 110464K, reserved 1144832K
  class space    used 11058K, capacity 11775K, committed 14464K, reserved 1048576K
Event: 4257.550 GC heap after
Heap after GC invocations=93 (full 12):
 PSYoungGen      total 355328K, used 76295K [0x00000000e0000000, 0x0000000100000000, 0x0000000100000000)
  eden space 278528K, 0% used [0x00000000e0000000,0x00000000e0000000,0x00000000f1000000)
  from space 76800K, 99% used [0x00000000f1000000,0x00000000f5a81c08,0x00000000f5b00000)
  to   space 124416K, 0% used [0x00000000f8680000,0x00000000f8680000,0x0000000100000000)
 ParOldGen       total 700416K, used 666855K [0x00000000a0000000, 0x00000000cac00000, 0x00000000e0000000)
  object space 700416K, 95% used [0x00000000a0000000,0x00000000c8b39f50,0x00000000cac00000)
 Metaspace       used 90800K, capacity 95060K, committed 110464K, reserved 1144832K
  class space    used 11058K, capacity 11775K, committed 14464K, reserved 1048576K
}
Event: 4257.550 GC heap before
{Heap before GC invocations=94 (full 13):
 PSYoungGen      total 355328K, used 76295K [0x00000000e0000000, 0x0000000100000000, 0x0000000100000000)
  eden space 278528K, 0% used [0x00000000e0000000,0x00000000e0000000,0x00000000f1000000)
  from space 76800K, 99% used [0x00000000f1000000,0x00000000f5a81c08,0x00000000f5b00000)
  to   space 124416K, 0% used [0x00000000f8680000,0x00000000f8680000,0x0000000100000000)
 ParOldGen       total 700416K, used 666855K [0x00000000a0000000, 0x00000000cac00000, 0x00000000e0000000)
  object space 700416K, 95% used [0x00000000a0000000,0x00000000c8b39f50,0x00000000cac00000)
 Metaspace       used 90800K, capacity 95060K, committed 110464K, reserved 1144832K
  class space    used 11058K, capacity 11775K, committed 14464K, reserved 1048576K

